ď»ż
> udaya@0.1.0 build
> next build --turbopack

   Î“Ă»â–“ Next.js 15.5.12 (Turbopack)

   Creating an optimized production build ...
 Î“ÂŁĂ´ Finished writing to disk in 451ms
 Î“ÂŁĂ´ Compiled successfully in 32.4s
   Linting and checking validity of types ...
   Collecting page data ...
   Generating static pages (0/82) ...
node.exe : Missing Supabase environment 
variables. Please check your .env.local 
file.
At line:1 char:1
+ & "C:\Program Files\nodejs/node.exe" 
"C:\Program Files\nodejs/node_mo ...
+ ~~~~~~~~~~~~~~~~~~~~~~~~~~~~~~~~~~~~~~
~~~~~~~~~~~~~~~~~~~~~~~~~~~~~~~
    + CategoryInfo          : NotSpecif 
   ied: (Missing Supabas...env.local f  
  ile.:String) [], RemoteException
    + FullyQualifiedErrorId : NativeCom 
   mandError
 
Missing Supabase environment variables. 
Please check your .env.local file.
   Generating static pages (20/82) 
Missing Supabase environment variables. 
Please check your .env.local file.
Missing Supabase environment variables. 
Please check your .env.local file.
   Generating static pages (40/82) 
   Generating static pages (61/82) 
 Î“ÂŁĂ´ Generating static pages (82/82)
   Finalizing page optimization ...
   Collecting build traces ...

Route (app)                                            Size  First Load JS
Î“Ă¶Ă® Î“ĂąĂŻ /                                               3.29 kB         306 kB
Î“Ă¶ÂŁ Î“ĂąĂŻ /_not-found                                         0 B         303 kB
Î“Ă¶ÂŁ Î“ĂąĂŻ /achievements                                   3.23 kB         306 kB
Î“Ă¶ÂŁ â•žĂ† /api/achievements                                   0 B            0 B
Î“Ă¶ÂŁ â•žĂ† /api/games/progress                                 0 B            0 B
Î“Ă¶ÂŁ â•žĂ† /api/leaderboard                                    0 B            0 B
Î“Ă¶ÂŁ Î“ĂąĂŻ /dashboard                                        464 B         303 kB
Î“Ă¶ÂŁ Î“ĂąĂŻ /games                                          5.72 kB         309 kB
Î“Ă¶ÂŁ Î“ĂąĂŻ /games/engineering/bridge-builder               9.61 kB         312 kB
Î“Ă¶ÂŁ Î“ĂąĂŻ /games/engineering/circuit-master               8.72 kB         312 kB
Î“Ă¶ÂŁ Î“ĂąĂŻ /games/engineering/city-planner                 9.92 kB         313 kB
Î“Ă¶ÂŁ Î“ĂąĂŻ /games/engineering/green-engineer               9.72 kB         313 kB
Î“Ă¶ÂŁ Î“ĂąĂŻ /games/engineering/material-tester              9.42 kB         312 kB
Î“Ă¶ÂŁ Î“ĂąĂŻ /games/engineering/robot-builder                9.52 kB         312 kB
Î“Ă¶ÂŁ Î“ĂąĂŻ /games/engineering/rocket-designer              9.09 kB         312 kB
Î“Ă¶ÂŁ Î“ĂąĂŻ /games/engineering/simple-machines              9.07 kB         312 kB
Î“Ă¶ÂŁ Î“ĂąĂŻ /games/mathematics/algebra-adventure            8.55 kB         311 kB
Î“Ă¶ÂŁ Î“ĂąĂŻ /games/mathematics/basic-arithmetic             8.53 kB         311 kB
Î“Ă¶ÂŁ Î“ĂąĂŻ /games/mathematics/fraction-pizza               9.26 kB         312 kB
Î“Ă¶ÂŁ Î“ĂąĂŻ /games/mathematics/geometry-builder             10.1 kB         313 kB
Î“Ă¶ÂŁ Î“ĂąĂŻ /games/mathematics/graph-explorer               10.4 kB         313 kB
Î“Ă¶ÂŁ Î“ĂąĂŻ /games/mathematics/number-quest                 8.11 kB         311 kB
Î“Ă¶ÂŁ Î“ĂąĂŻ /games/mathematics/pattern-master               9.11 kB         312 kB
Î“Ă¶ÂŁ Î“ĂąĂŻ /games/mathematics/probability-casino           9.63 kB         312 kB
Î“Ă¶ÂŁ Î“ĂąĂŻ /games/science/atom-builder                     8.92 kB         312 kB
Î“Ă¶ÂŁ Î“ĂąĂŻ /games/science/biology-explorer                 9.46 kB         312 kB
Î“Ă¶ÂŁ Î“ĂąĂŻ /games/science/chemistry-lab                    9.32 kB         312 kB
Î“Ă¶ÂŁ Î“ĂąĂŻ /games/science/ecosystem-manager                9.05 kB         312 kB
Î“Ă¶ÂŁ Î“ĂąĂŻ /games/science/periodic-table                   8.67 kB         311 kB
Î“Ă¶ÂŁ Î“ĂąĂŻ /games/science/solar-system                     8.94 kB         312 kB
Î“Ă¶ÂŁ Î“ĂąĂŻ /games/science/weather-wizard                   8.75 kB         312 kB
Î“Ă¶ÂŁ Î“ĂąĂŻ /games/technology/ai-trainer                    9.07 kB         312 kB
Î“Ă¶ÂŁ Î“ĂąĂŻ /games/technology/algorithm-arena               8.85 kB         312 kB
Î“Ă¶ÂŁ Î“ĂąĂŻ /games/technology/app-architect                 8.94 kB         312 kB
Î“Ă¶ÂŁ Î“ĂąĂŻ /games/technology/code-creator                  9.44 kB         312 kB
Î“Ă¶ÂŁ Î“ĂąĂŻ /games/technology/database-detective            8.89 kB         312 kB
Î“Ă¶ÂŁ Î“ĂąĂŻ /games/technology/digital-citizen               8.89 kB         312 kB
Î“Ă¶ÂŁ Î“ĂąĂŻ /games/technology/web-designer                  8.95 kB         312 kB
Î“Ă¶ÂŁ Î“ĂąĂŻ /leaderboard                                    5.53 kB         308 kB
Î“Ă¶ÂŁ Î“ĂąĂŻ /learning                                       4.57 kB         307 kB
Î“Ă¶ÂŁ Î“ĂąĂŻ /learning/class-10                              9.28 kB         312 kB
Î“Ă¶ÂŁ Î“ĂąĂŻ /learning/class-10/acids-bases-salts            6.41 kB         309 kB
Î“Ă¶ÂŁ Î“ĂąĂŻ /learning/class-10/carbon-compounds             9.43 kB         312 kB
Î“Ă¶ÂŁ Î“ĂąĂŻ /learning/class-10/chemistry                     8.6 kB         311 kB
Î“Ă¶ÂŁ Î“ĂąĂŻ /learning/class-10/coordinate-geometry          6.18 kB         309 kB
Î“Ă¶ÂŁ Î“ĂąĂŻ /learning/class-10/electricity                  9.15 kB         312 kB
Î“Ă¶ÂŁ Î“ĂąĂŻ /learning/class-10/light-reflection-refraction  6.38 kB         309 kB
Î“Ă¶ÂŁ Î“ĂąĂŻ /learning/class-10/quadratic-equations          6.17 kB         309 kB
Î“Ă¶ÂŁ Î“ĂąĂŻ /learning/class-10/real-numbers                 6.36 kB         309 kB
Î“Ă¶ÂŁ Î“ĂąĂŻ /learning/class-11                              9.53 kB         312 kB
Î“Ă¶ÂŁ Î“ĂąĂŻ /learning/class-11/complex-numbers              6.04 kB         309 kB
Î“Ă¶ÂŁ Î“ĂąĂŻ /learning/class-11/limits-derivatives           6.01 kB         309 kB
Î“Ă¶ÂŁ Î“ĂąĂŻ /learning/class-11/motion-straight-line         6.48 kB         309 kB
Î“Ă¶ÂŁ Î“ĂąĂŻ /learning/class-11/relations-functions          7.52 kB         310 kB
Î“Ă¶ÂŁ Î“ĂąĂŻ /learning/class-11/sets                         7.35 kB         310 kB
Î“Ă¶ÂŁ Î“ĂąĂŻ /learning/class-11/some-basic-concepts          6.16 kB         309 kB
Î“Ă¶ÂŁ Î“ĂąĂŻ /learning/class-11/trigonometric-functions      6.06 kB         309 kB
Î“Ă¶ÂŁ Î“ĂąĂŻ /learning/class-11/units-measurements           6.33 kB         309 kB
Î“Ă¶ÂŁ Î“ĂąĂŻ /learning/class-12                              11.9 kB         315 kB
Î“Ă¶ÂŁ Î“ĂąĂŻ /learning/class-12/integrals                    10.9 kB         314 kB
Î“Ă¶ÂŁ Î“ĂąĂŻ /learning/class-12/mathematics                  9.95 kB         313 kB
Î“Ă¶ÂŁ Î“ĂąĂŻ /learning/class-6                               6.39 kB         309 kB
Î“Ă¶ÂŁ Î“ĂąĂŻ /learning/class-6/basic-arithmetic              11.1 kB         314 kB
Î“Ă¶ÂŁ Î“ĂąĂŻ /learning/class-6/geometry-shapes               9.87 kB         313 kB
Î“Ă¶ÂŁ Î“ĂąĂŻ /learning/class-6/mathematics                   8.46 kB         311 kB
Î“Ă¶ÂŁ Î“ĂąĂŻ /learning/class-6/plant-life                    10.3 kB         313 kB
Î“Ă¶ÂŁ Î“ĂąĂŻ /learning/class-6/science                       8.61 kB         311 kB
Î“Ă¶ÂŁ Î“ĂąĂŻ /learning/class-7                               7.31 kB         310 kB
Î“Ă¶ÂŁ Î“ĂąĂŻ /learning/class-7/integers                      8.58 kB         311 kB
Î“Ă¶ÂŁ Î“ĂąĂŻ /learning/class-8                               8.15 kB         311 kB
Î“Ă¶ÂŁ Î“ĂąĂŻ /learning/class-9                               8.86 kB         312 kB
Î“Ă¶ÂŁ Î“ĂąĂŻ /learning/class-9/motion                        10.2 kB         313 kB
Î“Ă¶ÂŁ Î“ĂąĂŻ /learning/class-9/physics                       8.38 kB         311 kB
Î“Ă¶ÂŁ Î“ĂąĂŻ /loading-demo                                   2.53 kB         305 kB
Î“Ă¶ÂŁ Î“ĂąĂŻ /login                                          2.99 kB         317 kB
Î“Ă¶ÂŁ Î“ĂąĂŻ /offline                                        2.16 kB         305 kB
Î“Ă¶ÂŁ Î“ĂąĂŻ /progress                                       5.33 kB         412 kB
Î“Ă¶ÂŁ Î“ĂąĂŻ /signup                                         3.17 kB         318 kB
Î“Ă¶ÂŁ Î“ĂąĂŻ /student                                        4.54 kB         307 kB
Î“Ă¶Ă¶ Î“ĂąĂŻ /teacher                                        14.1 kB         420 kB
+ First Load JS shared by all                        334 kB
  Î“Ă¶ÂŁ chunks/2fff395fbc8f3998.js                      26.6 kB
  Î“Ă¶ÂŁ chunks/3a1498921683325f.js                      17.2 kB
  Î“Ă¶ÂŁ chunks/3e6caa6cd106dbeb.js                      51.9 kB
  Î“Ă¶ÂŁ chunks/4eb10a562b2e5b86.js                      42.5 kB
  Î“Ă¶ÂŁ chunks/68e9525029e47701.js                      17.4 kB
  Î“Ă¶ÂŁ chunks/6d63e10938988fb2.js                      13.2 kB
  Î“Ă¶Ă¶ chunks/affcb2a11c5fa993.js                      59.2 kB
  Î“Ă¶ÂŁ chunks/fcd5eecac565a3ce.js                      33.9 kB
  Î“Ă¶ÂŁ chunks/2869cacd8a5d33b4.css                     29.8 kB
  Î“Ă¶Ă¶ other shared chunks (total)                     42.3 kB


Î“ĂąĂŻ  (Static)   prerendered as static content
â•žĂ†  (Dynamic)  server-rendered on demand

